INFO  2015-02-01 10:05:18,805 [j:\DEVELOP\VideoBookRepository\VideoBookApplication\VideoBookApplication\common\utility\LogUtility.cs:89] : Delete Old File : VideoBookApplication-29.01.2015.log
INFO  2015-02-01 10:05:18,821 [j:\DEVELOP\VideoBookRepository\VideoBookApplication\VideoBookApplication\StartApp.cs:45] : VideoBook Project 1.0.0.0 - Start Application
INFO  2015-02-01 10:05:18,836 [j:\DEVELOP\VideoBookRepository\VideoBookApplication\VideoBookApplication\common\controls\DatabaseControl.cs:33] : server=192.168.0.20;uid=mauro;pwd=mauro;database=VideoBookApplication;
INFO  2015-02-01 10:06:38,276 [j:\DEVELOP\VideoBookRepository\VideoBookApplication\VideoBookApplication\StartApp.cs:45] : VideoBook Project 1.0.0.0 - Start Application
INFO  2015-02-01 10:06:38,292 [j:\DEVELOP\VideoBookRepository\VideoBookApplication\VideoBookApplication\common\controls\DatabaseControl.cs:33] : server=192.168.0.20;uid=mauro;pwd=mauro;database=VideoBookApplication;
INFO  2015-02-01 10:06:47,850 [j:\DEVELOP\VideoBookRepository\VideoBookApplication\VideoBookApplication\common\utility\LogUtility.cs:34] : SELECT * FROM USERS u WHERE u.USERNAME = @user ---> [ mauro ]
INFO  2015-02-01 10:06:59,475 [j:\DEVELOP\VideoBookRepository\VideoBookApplication\VideoBookApplication\common\utility\LogUtility.cs:34] : SELECT * FROM RESERVED WHERE TYPE_RESERVED = @typeres ---> [ 1 ]
INFO  2015-02-01 10:06:59,475 [j:\DEVELOP\VideoBookRepository\VideoBookApplication\VideoBookApplication\common\operations\Indexer.cs:42] : Reserved Load: 0
INFO  2015-02-01 10:06:59,475 [j:\DEVELOP\VideoBookRepository\VideoBookApplication\VideoBookApplication\common\utility\LogUtility.cs:34] : select a.ID_WORD, a.WORD, c.ID_AUTORE, c.COGNOME, c.NOME from WORD_MASTER a, WORD2COGNOME b, AUTORI c where a.WORD = @wcognome and b.WORD_MASTER_ID_WORD = a.ID_WORD and c.ID_AUTORE=b.AUTORI_ID_AUTORE ---> [ ryan ]
WARN  2015-02-01 10:07:05,657 [j:\DEVELOP\VideoBookRepository\VideoBookApplication\VideoBookApplication\common\view\DisplayManager.cs:32] : WARN: 1003 - Warning: Trovati Autori Simili o Uguali
INFO  2015-02-01 10:07:13,276 [j:\DEVELOP\VideoBookRepository\VideoBookApplication\VideoBookApplication\common\utility\Utility.cs:26] : Exit Application
INFO  2015-02-01 10:08:50,975 [j:\DEVELOP\VideoBookRepository\VideoBookApplication\VideoBookApplication\StartApp.cs:45] : VideoBook Project 1.0.0.0 - Start Application
INFO  2015-02-01 10:08:50,991 [j:\DEVELOP\VideoBookRepository\VideoBookApplication\VideoBookApplication\common\controls\DatabaseControl.cs:33] : server=192.168.0.20;uid=mauro;pwd=mauro;database=VideoBookApplication;
INFO  2015-02-01 10:08:54,272 [j:\DEVELOP\VideoBookRepository\VideoBookApplication\VideoBookApplication\common\utility\LogUtility.cs:34] : SELECT * FROM USERS u WHERE u.USERNAME = @user ---> [ mauro ]
INFO  2015-02-01 10:09:02,528 [j:\DEVELOP\VideoBookRepository\VideoBookApplication\VideoBookApplication\common\view\DisplayManager.cs:44] : INFO: 105 - Il Cognome non può Essere Nullo o Vuoto
INFO  2015-02-01 10:09:10,763 [j:\DEVELOP\VideoBookRepository\VideoBookApplication\VideoBookApplication\common\utility\Utility.cs:26] : Exit Application
INFO  2015-02-01 10:26:38,418 [j:\DEVELOP\VideoBookRepository\VideoBookApplication\VideoBookApplication\StartApp.cs:45] : VideoBook Project 1.0.0.0 - Start Application
INFO  2015-02-01 10:26:38,449 [j:\DEVELOP\VideoBookRepository\VideoBookApplication\VideoBookApplication\common\controls\DatabaseControl.cs:33] : server=192.168.0.20;uid=mauro;pwd=mauro;database=VideoBookApplication;
INFO  2015-02-01 10:26:41,558 [j:\DEVELOP\VideoBookRepository\VideoBookApplication\VideoBookApplication\common\utility\LogUtility.cs:34] : SELECT * FROM USERS u WHERE u.USERNAME = @user ---> [ mauro ]
ERROR 2015-02-01 10:27:00,688 [j:\DEVELOP\VideoBookRepository\VideoBookApplication\VideoBookApplication\common\view\DisplayManager.cs:20] : Errore: 2 - Funzionalità non Implementata
ERROR 2015-02-01 10:27:05,135 [j:\DEVELOP\VideoBookRepository\VideoBookApplication\VideoBookApplication\common\view\DisplayManager.cs:20] : Errore: 2 - Funzionalità non Implementata
ERROR 2015-02-01 10:27:10,765 [j:\DEVELOP\VideoBookRepository\VideoBookApplication\VideoBookApplication\common\view\DisplayManager.cs:20] : Errore: 2 - Funzionalità non Implementata
ERROR 2015-02-01 10:27:14,986 [j:\DEVELOP\VideoBookRepository\VideoBookApplication\VideoBookApplication\common\view\DisplayManager.cs:20] : Errore: 2 - Funzionalità non Implementata
ERROR 2015-02-01 10:27:23,621 [j:\DEVELOP\VideoBookRepository\VideoBookApplication\VideoBookApplication\common\view\DisplayManager.cs:20] : Errore: 2 - Funzionalità non Implementata
ERROR 2015-02-01 10:27:50,375 [j:\DEVELOP\VideoBookRepository\VideoBookApplication\VideoBookApplication\common\view\DisplayManager.cs:20] : Errore: 2 - Funzionalità non Implementata
INFO  2015-02-01 10:27:52,219 [j:\DEVELOP\VideoBookRepository\VideoBookApplication\VideoBookApplication\common\utility\Utility.cs:26] : Exit Application
INFO  2015-02-01 10:37:17,553 [j:\DEVELOP\VideoBookRepository\VideoBookApplication\VideoBookApplication\StartApp.cs:45] : VideoBook Project 1.0.0.0 - Start Application
INFO  2015-02-01 10:37:17,569 [j:\DEVELOP\VideoBookRepository\VideoBookApplication\VideoBookApplication\common\controls\DatabaseControl.cs:33] : server=192.168.0.20;uid=mauro;pwd=mauro;database=VideoBookApplication;
INFO  2015-02-01 10:37:19,786 [j:\DEVELOP\VideoBookRepository\VideoBookApplication\VideoBookApplication\common\utility\LogUtility.cs:34] : SELECT * FROM USERS u WHERE u.USERNAME = @user ---> [ mauro ]
INFO  2015-02-01 10:38:23,580 [j:\DEVELOP\VideoBookRepository\VideoBookApplication\VideoBookApplication\common\utility\LogUtility.cs:34] : SELECT * FROM RESERVED WHERE TYPE_RESERVED = @typeres ---> [ 1 ]
INFO  2015-02-01 10:38:23,580 [j:\DEVELOP\VideoBookRepository\VideoBookApplication\VideoBookApplication\common\operations\Indexer.cs:42] : Reserved Load: 0
INFO  2015-02-01 10:38:23,580 [j:\DEVELOP\VideoBookRepository\VideoBookApplication\VideoBookApplication\common\utility\LogUtility.cs:34] : select a.ID_WORD, a.WORD, c.ID_AUTORE, c.COGNOME, c.NOME from WORD_MASTER a, WORD2COGNOME b, AUTORI c where a.WORD = @wcognome and b.WORD_MASTER_ID_WORD = a.ID_WORD and c.ID_AUTORE=b.AUTORI_ID_AUTORE ---> [ zimmer ]
INFO  2015-02-01 10:38:23,580 [j:\DEVELOP\VideoBookRepository\VideoBookApplication\VideoBookApplication\common\utility\LogUtility.cs:34] : select a.ID_WORD, a.WORD, c.ID_AUTORE, c.COGNOME, c.NOME from WORD_MASTER a, WORD2COGNOME b, AUTORI c where a.WORD = @wcognome and b.WORD_MASTER_ID_WORD = a.ID_WORD and c.ID_AUTORE=b.AUTORI_ID_AUTORE ---> [ bradley ]
INFO  2015-02-01 10:38:23,674 [j:\DEVELOP\VideoBookRepository\VideoBookApplication\VideoBookApplication\common\utility\LogUtility.cs:38] : SELECT * FROM CATEGORIE c ORDER BY c.CATEGORIA
INFO  2015-02-01 10:38:23,689 [j:\DEVELOP\VideoBookRepository\VideoBookApplication\VideoBookApplication\common\utility\LogUtility.cs:38] : SELECT * FROM POSIZIONI ORDER BY POSIZIONE
INFO  2015-02-01 10:38:40,166 [j:\DEVELOP\VideoBookRepository\VideoBookApplication\VideoBookApplication\common\utility\LogUtility.cs:34] : SELECT * FROM CATEGORIE c WHERE c.CATEGORIA=@cat ---> [ fantascienza ]
INFO  2015-02-01 10:38:40,182 [j:\DEVELOP\VideoBookRepository\VideoBookApplication\VideoBookApplication\common\utility\LogUtility.cs:34] : INSERT INTO CATEGORIE (CATEGORIA) VALUES (@cat) ---> [ fantascienza ]
INFO  2015-02-01 10:38:40,916 [j:\DEVELOP\VideoBookRepository\VideoBookApplication\VideoBookApplication\library\view\NewCategoryPanel.cs:93] : Category Write With Success
INFO  2015-02-01 10:38:40,916 [j:\DEVELOP\VideoBookRepository\VideoBookApplication\VideoBookApplication\common\utility\LogUtility.cs:38] : SELECT * FROM CATEGORIE c ORDER BY c.CATEGORIA
INFO  2015-02-01 10:38:40,916 [j:\DEVELOP\VideoBookRepository\VideoBookApplication\VideoBookApplication\common\utility\LogUtility.cs:38] : SELECT * FROM POSIZIONI ORDER BY POSIZIONE
INFO  2015-02-01 10:38:54,125 [j:\DEVELOP\VideoBookRepository\VideoBookApplication\VideoBookApplication\common\utility\LogUtility.cs:34] : SELECT * FROM POSIZIONI WHERE POSIZIONE=@pos ---> [ camera di mauro ]
INFO  2015-02-01 10:38:54,125 [j:\DEVELOP\VideoBookRepository\VideoBookApplication\VideoBookApplication\common\utility\LogUtility.cs:34] : INSERT INTO POSIZIONI (POSIZIONE) VALUES (@pos) ---> [ camera di mauro ]
INFO  2015-02-01 10:38:54,141 [j:\DEVELOP\VideoBookRepository\VideoBookApplication\VideoBookApplication\library\view\NewPositionPanel.cs:91] : Position Write With Success
INFO  2015-02-01 10:38:54,141 [j:\DEVELOP\VideoBookRepository\VideoBookApplication\VideoBookApplication\common\utility\LogUtility.cs:38] : SELECT * FROM CATEGORIE c ORDER BY c.CATEGORIA
INFO  2015-02-01 10:38:54,141 [j:\DEVELOP\VideoBookRepository\VideoBookApplication\VideoBookApplication\common\utility\LogUtility.cs:38] : SELECT * FROM POSIZIONI ORDER BY POSIZIONE
INFO  2015-02-01 10:39:02,067 [j:\DEVELOP\VideoBookRepository\VideoBookApplication\VideoBookApplication\common\operations\HttpRequest.cs:34] : buildUrl = https://www.googleapis.com/books/v1/volumes?q=Universo+senza+fine+inauthor:Zimmer+Bradley&key=AIzaSyCpuZOgKmwxODZiuWEWWIhb9ToCOEm5_3Q&orderBy=relevance&maxResults=1&printType=books&langRestrict=it&
INFO  2015-02-01 10:39:03,430 [j:\DEVELOP\VideoBookRepository\VideoBookApplication\VideoBookApplication\library\operations\GoogleBooksWebService.cs:53] : No Info Found
INFO  2015-02-01 10:39:03,430 [j:\DEVELOP\VideoBookRepository\VideoBookApplication\VideoBookApplication\common\utility\LogUtility.cs:34] : SELECT * FROM CATEGORIE c WHERE c.ID_CATEGORIA=@idcat ---> [ 11 ]
INFO  2015-02-01 10:39:03,430 [j:\DEVELOP\VideoBookRepository\VideoBookApplication\VideoBookApplication\common\utility\LogUtility.cs:34] : SELECT * FROM POSIZIONI WHERE ID_POSIZIONE=@idpos ---> [ 7 ]
ERROR 2015-02-01 10:39:07,556 [j:\DEVELOP\VideoBookRepository\VideoBookApplication\VideoBookApplication\common\view\DisplayManager.cs:20] : Errore: 1004 - Warning: Nessuna Informazione Aggiuntiva Trovata
INFO  2015-02-01 10:39:16,749 [j:\DEVELOP\VideoBookRepository\VideoBookApplication\VideoBookApplication\common\utility\LogUtility.cs:34] : SELECT * FROM CATEGORIE c WHERE c.ID_CATEGORIA=@idcat ---> [ 11 ]
INFO  2015-02-01 10:39:16,751 [j:\DEVELOP\VideoBookRepository\VideoBookApplication\VideoBookApplication\common\utility\LogUtility.cs:34] : SELECT * FROM POSIZIONI WHERE ID_POSIZIONE=@idpos ---> [ 7 ]
INFO  2015-02-01 10:39:16,754 [j:\DEVELOP\VideoBookRepository\VideoBookApplication\VideoBookApplication\common\utility\LogUtility.cs:34] : SELECT * FROM RESERVED WHERE TYPE_RESERVED = @typeres ---> [ 1 ]
INFO  2015-02-01 10:39:16,755 [j:\DEVELOP\VideoBookRepository\VideoBookApplication\VideoBookApplication\common\operations\Indexer.cs:42] : Reserved Load: 0
INFO  2015-02-01 10:39:16,756 [j:\DEVELOP\VideoBookRepository\VideoBookApplication\VideoBookApplication\common\utility\LogUtility.cs:34] : SELECT * FROM RESERVED WHERE TYPE_RESERVED = @typeres ---> [ 1 ]
INFO  2015-02-01 10:39:16,757 [j:\DEVELOP\VideoBookRepository\VideoBookApplication\VideoBookApplication\common\operations\Indexer.cs:42] : Reserved Load: 0
INFO  2015-02-01 10:39:16,780 [j:\DEVELOP\VideoBookRepository\VideoBookApplication\VideoBookApplication\common\utility\LogUtility.cs:34] : SELECT * FROM RESERVED WHERE TYPE_RESERVED = @typeres ---> [ 0 ]
INFO  2015-02-01 10:39:16,784 [j:\DEVELOP\VideoBookRepository\VideoBookApplication\VideoBookApplication\common\operations\Indexer.cs:42] : Reserved Load: 29
INFO  2015-02-01 10:39:16,790 [j:\DEVELOP\VideoBookRepository\VideoBookApplication\VideoBookApplication\common\utility\LogUtility.cs:38] : SELECT * FROM STEMMER_FORCE
INFO  2015-02-01 10:39:16,850 [j:\DEVELOP\VideoBookRepository\VideoBookApplication\VideoBookApplication\library\dao\LibraryDao.cs:32] : STEP 1 : Write Autore
INFO  2015-02-01 10:39:16,852 [j:\DEVELOP\VideoBookRepository\VideoBookApplication\VideoBookApplication\common\utility\LogUtility.cs:34] : insert into AUTORI (COGNOME, NOME) values (@cogn, @nam) ---> [ Zimmer Bradley - Marion ]
INFO  2015-02-01 10:39:16,983 [j:\DEVELOP\VideoBookRepository\VideoBookApplication\VideoBookApplication\library\dao\LibraryDao.cs:35] : STEP 2 : Read Autore
INFO  2015-02-01 10:39:16,984 [j:\DEVELOP\VideoBookRepository\VideoBookApplication\VideoBookApplication\common\utility\LogUtility.cs:38] : select max(id_autore) as id_autore from AUTORI
INFO  2015-02-01 10:39:16,986 [j:\DEVELOP\VideoBookRepository\VideoBookApplication\VideoBookApplication\library\dao\LibraryDao.cs:39] : idAutore = 5
INFO  2015-02-01 10:39:16,986 [j:\DEVELOP\VideoBookRepository\VideoBookApplication\VideoBookApplication\common\utility\LogUtility.cs:34] : select ID_WORD from WORD_MASTER where WORD = @word ---> [ zimmer ]
INFO  2015-02-01 10:39:16,989 [j:\DEVELOP\VideoBookRepository\VideoBookApplication\VideoBookApplication\library\dao\LibraryDao.cs:55] : Word Not Found : write
INFO  2015-02-01 10:39:16,989 [j:\DEVELOP\VideoBookRepository\VideoBookApplication\VideoBookApplication\common\utility\LogUtility.cs:34] : insert into WORD_MASTER (WORD) values (@word) ---> [ zimmer ]
INFO  2015-02-01 10:39:17,185 [j:\DEVELOP\VideoBookRepository\VideoBookApplication\VideoBookApplication\common\utility\LogUtility.cs:34] : select ID_WORD from WORD_MASTER where WORD = @word ---> [ zimmer ]
INFO  2015-02-01 10:39:17,185 [j:\DEVELOP\VideoBookRepository\VideoBookApplication\VideoBookApplication\common\utility\LogUtility.cs:34] : insert into WORD2COGNOME (WORD_MASTER_ID_WORD, AUTORI_ID_AUTORE) values (@idw, @ida) ---> [ 20 - 5 ]
INFO  2015-02-01 10:39:17,185 [j:\DEVELOP\VideoBookRepository\VideoBookApplication\VideoBookApplication\common\utility\LogUtility.cs:34] : select ID_WORD from WORD_MASTER where WORD = @word ---> [ bradley ]
INFO  2015-02-01 10:39:17,185 [j:\DEVELOP\VideoBookRepository\VideoBookApplication\VideoBookApplication\library\dao\LibraryDao.cs:55] : Word Not Found : write
INFO  2015-02-01 10:39:17,185 [j:\DEVELOP\VideoBookRepository\VideoBookApplication\VideoBookApplication\common\utility\LogUtility.cs:34] : insert into WORD_MASTER (WORD) values (@word) ---> [ bradley ]
INFO  2015-02-01 10:39:17,389 [j:\DEVELOP\VideoBookRepository\VideoBookApplication\VideoBookApplication\common\utility\LogUtility.cs:34] : select ID_WORD from WORD_MASTER where WORD = @word ---> [ bradley ]
INFO  2015-02-01 10:39:17,389 [j:\DEVELOP\VideoBookRepository\VideoBookApplication\VideoBookApplication\common\utility\LogUtility.cs:34] : insert into WORD2COGNOME (WORD_MASTER_ID_WORD, AUTORI_ID_AUTORE) values (@idw, @ida) ---> [ 21 - 5 ]
INFO  2015-02-01 10:39:17,389 [j:\DEVELOP\VideoBookRepository\VideoBookApplication\VideoBookApplication\common\utility\LogUtility.cs:34] : select ID_WORD from WORD_MASTER where WORD = @word ---> [ marion ]
INFO  2015-02-01 10:39:17,389 [j:\DEVELOP\VideoBookRepository\VideoBookApplication\VideoBookApplication\library\dao\LibraryDao.cs:95] : Word Not Found : write
INFO  2015-02-01 10:39:17,389 [j:\DEVELOP\VideoBookRepository\VideoBookApplication\VideoBookApplication\common\utility\LogUtility.cs:34] : insert into WORD_MASTER (WORD) values (@word) ---> [ marion ]
INFO  2015-02-01 10:39:17,590 [j:\DEVELOP\VideoBookRepository\VideoBookApplication\VideoBookApplication\common\utility\LogUtility.cs:34] : select ID_WORD from WORD_MASTER where WORD = @word ---> [ marion ]
INFO  2015-02-01 10:39:17,591 [j:\DEVELOP\VideoBookRepository\VideoBookApplication\VideoBookApplication\common\utility\LogUtility.cs:34] : insert into WORD2NOME (WORD_MASTER_ID_WORD, AUTORI_ID_AUTORE) values (@idw, @ida) ---> [ 22 - 5 ]
INFO  2015-02-01 10:39:17,591 [j:\DEVELOP\VideoBookRepository\VideoBookApplication\VideoBookApplication\common\utility\LogUtility.cs:34] : insert into LIBRI (TITOLO, SERIE, FL_EBOOK, AUTORI_ID_AUTORE, CATEGORIE_ID_CATEGORIA, POSIZIONI_ID_POSIZIONE, DT_INSERT, INFOLIBRI_ID_INFOLIBRO, NOTELIBRI_ID_NOTA) values (@title, @serie, @flebook, @idauth, @idcat, @idpos, @dtinsert, @info, @nota) ---> [ Universo senza fine ]
INFO  2015-02-01 10:39:17,606 [j:\DEVELOP\VideoBookRepository\VideoBookApplication\VideoBookApplication\common\utility\LogUtility.cs:38] : select max(ID_LIBRO) as id_libro from LIBRI
INFO  2015-02-01 10:39:17,791 [j:\DEVELOP\VideoBookRepository\VideoBookApplication\VideoBookApplication\common\utility\LogUtility.cs:34] : select ID_WORD from WORD_MASTER where WORD = @word ---> [ univers ]
INFO  2015-02-01 10:39:17,795 [j:\DEVELOP\VideoBookRepository\VideoBookApplication\VideoBookApplication\library\dao\LibraryDao.cs:211] : Word Not Found : write
INFO  2015-02-01 10:39:17,796 [j:\DEVELOP\VideoBookRepository\VideoBookApplication\VideoBookApplication\common\utility\LogUtility.cs:34] : insert into WORD_MASTER (WORD) values (@word) ---> [ univers ]
INFO  2015-02-01 10:39:17,799 [j:\DEVELOP\VideoBookRepository\VideoBookApplication\VideoBookApplication\common\utility\LogUtility.cs:34] : select ID_WORD from WORD_MASTER where WORD = @word ---> [ univers ]
INFO  2015-02-01 10:39:17,799 [j:\DEVELOP\VideoBookRepository\VideoBookApplication\VideoBookApplication\common\utility\LogUtility.cs:34] : insert into WORD2BOOK (WORD_MASTER_ID_WORD, LIBRI_ID_LIBRO) values (@idw, @idb) ---> [ 23 - 4 ]
INFO  2015-02-01 10:39:18,002 [j:\DEVELOP\VideoBookRepository\VideoBookApplication\VideoBookApplication\common\utility\LogUtility.cs:34] : select ID_WORD from WORD_MASTER where WORD = @word ---> [ senz ]
INFO  2015-02-01 10:39:18,002 [j:\DEVELOP\VideoBookRepository\VideoBookApplication\VideoBookApplication\library\dao\LibraryDao.cs:211] : Word Not Found : write
INFO  2015-02-01 10:39:18,002 [j:\DEVELOP\VideoBookRepository\VideoBookApplication\VideoBookApplication\common\utility\LogUtility.cs:34] : insert into WORD_MASTER (WORD) values (@word) ---> [ senz ]
INFO  2015-02-01 10:39:18,002 [j:\DEVELOP\VideoBookRepository\VideoBookApplication\VideoBookApplication\common\utility\LogUtility.cs:34] : select ID_WORD from WORD_MASTER where WORD = @word ---> [ senz ]
INFO  2015-02-01 10:39:18,002 [j:\DEVELOP\VideoBookRepository\VideoBookApplication\VideoBookApplication\common\utility\LogUtility.cs:34] : insert into WORD2BOOK (WORD_MASTER_ID_WORD, LIBRI_ID_LIBRO) values (@idw, @idb) ---> [ 24 - 4 ]
INFO  2015-02-01 10:39:18,205 [j:\DEVELOP\VideoBookRepository\VideoBookApplication\VideoBookApplication\common\utility\LogUtility.cs:34] : select ID_WORD from WORD_MASTER where WORD = @word ---> [ fin ]
INFO  2015-02-01 10:39:18,205 [j:\DEVELOP\VideoBookRepository\VideoBookApplication\VideoBookApplication\library\dao\LibraryDao.cs:211] : Word Not Found : write
INFO  2015-02-01 10:39:18,205 [j:\DEVELOP\VideoBookRepository\VideoBookApplication\VideoBookApplication\common\utility\LogUtility.cs:34] : insert into WORD_MASTER (WORD) values (@word) ---> [ fin ]
INFO  2015-02-01 10:39:18,205 [j:\DEVELOP\VideoBookRepository\VideoBookApplication\VideoBookApplication\common\utility\LogUtility.cs:34] : select ID_WORD from WORD_MASTER where WORD = @word ---> [ fin ]
INFO  2015-02-01 10:39:18,205 [j:\DEVELOP\VideoBookRepository\VideoBookApplication\VideoBookApplication\common\utility\LogUtility.cs:34] : insert into WORD2BOOK (WORD_MASTER_ID_WORD, LIBRI_ID_LIBRO) values (@idw, @idb) ---> [ 25 - 4 ]
INFO  2015-02-01 10:39:18,416 [j:\DEVELOP\VideoBookRepository\VideoBookApplication\VideoBookApplication\library\dao\LibraryDao.cs:240] : DONE
INFO  2015-02-01 10:39:20,629 [j:\DEVELOP\VideoBookRepository\VideoBookApplication\VideoBookApplication\common\view\DisplayManager.cs:50] : INFO: 0 - Successo / Salvataggio Avvenuto con Successo
INFO  2015-02-01 10:39:22,864 [j:\DEVELOP\VideoBookRepository\VideoBookApplication\VideoBookApplication\common\utility\LogUtility.cs:38] : select count(ID_LIBRO) as cnt from LIBRI
INFO  2015-02-01 10:39:22,868 [j:\DEVELOP\VideoBookRepository\VideoBookApplication\VideoBookApplication\common\utility\LogUtility.cs:34] : select count(ID_LIBRO) as cnt from LIBRI where FL_EBOOK = @flebook ---> [ True ]
INFO  2015-02-01 10:39:22,871 [j:\DEVELOP\VideoBookRepository\VideoBookApplication\VideoBookApplication\common\utility\LogUtility.cs:38] : select count(ID_AUTORE) as cnt from AUTORI
INFO  2015-02-01 10:39:22,874 [j:\DEVELOP\VideoBookRepository\VideoBookApplication\VideoBookApplication\common\utility\LogUtility.cs:38] : select max(ID_LIBRO) as id_libro from LIBRI
INFO  2015-02-01 10:39:22,878 [j:\DEVELOP\VideoBookRepository\VideoBookApplication\VideoBookApplication\common\utility\LogUtility.cs:34] : SELECT a.ID_LIBRO, a.TITOLO, a.SERIE, a.FL_EBOOK, a.DT_INSERT, IFNULL(b.ID_POSIZIONE, - 1) AS ID_POSIZIONE, b.POSIZIONE, IFNULL(c.ID_CATEGORIA, -1) as ID_CATEGORIA, c.CATEGORIA, IFNULL(d.ID_INFOLIBRO, - 1) AS ID_INFOLIBRO, d.EDITORE, d.IMG, d.ISBN, d.YEAR, IFNULL(d.TRAMA, " ") AS TRAMA, d.URL_SCHEDA, IFNULL(e.ID_NOTA, - 1) AS ID_NOTA, e.NOTA, f.ID_AUTORE, f.COGNOME, f.NOME FROM LIBRI a LEFT JOIN POSIZIONI b ON a.POSIZIONI_ID_POSIZIONE = b.ID_POSIZIONE LEFT JOIN CATEGORIE c ON a.CATEGORIE_ID_CATEGORIA = c.ID_CATEGORIA LEFT JOIN INFOLIBRI d ON a.INFOLIBRI_ID_INFOLIBRO = d.ID_INFOLIBRO LEFT JOIN NOTELIBRI e ON a.NOTELIBRI_ID_NOTA = e.ID_NOTA, AUTORI f WHERE a.ID_LIBRO = @idbook AND a.AUTORI_ID_AUTORE=f.ID_AUTORE ---> [ 4 ]
INFO  2015-02-01 10:39:22,901 [j:\DEVELOP\VideoBookRepository\VideoBookApplication\VideoBookApplication\common\utility\LogUtility.cs:38] : select * from ( select replace(a.CATEGORIA,"----------","N.D.") as CATEGORIA, count(*) as cnt from CATEGORIE a, LIBRI b where a.ID_CATEGORIA=b.CATEGORIE_ID_CATEGORIA group by a.CATEGORIA )d  order by d.cnt
INFO  2015-02-01 10:39:52,623 [j:\DEVELOP\VideoBookRepository\VideoBookApplication\VideoBookApplication\common\utility\Utility.cs:26] : Exit Application
INFO  2015-02-01 10:41:10,131 [j:\DEVELOP\VideoBookRepository\VideoBookApplication\VideoBookApplication\StartApp.cs:45] : VideoBook Project 1.0.0.0 - Start Application
INFO  2015-02-01 10:41:10,146 [j:\DEVELOP\VideoBookRepository\VideoBookApplication\VideoBookApplication\common\controls\DatabaseControl.cs:33] : server=192.168.0.20;uid=mauro;pwd=mauro;database=VideoBookApplication;
INFO  2015-02-01 10:41:12,412 [j:\DEVELOP\VideoBookRepository\VideoBookApplication\VideoBookApplication\common\utility\LogUtility.cs:34] : SELECT * FROM USERS u WHERE u.USERNAME = @user ---> [ mauro ]
INFO  2015-02-01 10:41:54,312 [j:\DEVELOP\VideoBookRepository\VideoBookApplication\VideoBookApplication\common\utility\LogUtility.cs:34] : SELECT * FROM RESERVED WHERE TYPE_RESERVED = @typeres ---> [ 1 ]
INFO  2015-02-01 10:41:54,312 [j:\DEVELOP\VideoBookRepository\VideoBookApplication\VideoBookApplication\common\operations\Indexer.cs:42] : Reserved Load: 0
INFO  2015-02-01 10:41:54,312 [j:\DEVELOP\VideoBookRepository\VideoBookApplication\VideoBookApplication\common\utility\LogUtility.cs:34] : select a.ID_WORD, a.WORD, c.ID_AUTORE, c.COGNOME, c.NOME from WORD_MASTER a, WORD2COGNOME b, AUTORI c where a.WORD = @wcognome and b.WORD_MASTER_ID_WORD = a.ID_WORD and c.ID_AUTORE=b.AUTORI_ID_AUTORE ---> [ brown ]
INFO  2015-02-01 10:41:54,391 [j:\DEVELOP\VideoBookRepository\VideoBookApplication\VideoBookApplication\common\utility\LogUtility.cs:38] : SELECT * FROM CATEGORIE c ORDER BY c.CATEGORIA
INFO  2015-02-01 10:41:54,391 [j:\DEVELOP\VideoBookRepository\VideoBookApplication\VideoBookApplication\common\utility\LogUtility.cs:38] : SELECT * FROM POSIZIONI ORDER BY POSIZIONE
INFO  2015-02-01 10:42:07,449 [j:\DEVELOP\VideoBookRepository\VideoBookApplication\VideoBookApplication\common\utility\LogUtility.cs:34] : SELECT * FROM CATEGORIE c WHERE c.CATEGORIA=@cat ---> [ thriller ]
INFO  2015-02-01 10:42:07,464 [j:\DEVELOP\VideoBookRepository\VideoBookApplication\VideoBookApplication\common\utility\LogUtility.cs:34] : INSERT INTO CATEGORIE (CATEGORIA) VALUES (@cat) ---> [ thriller ]
INFO  2015-02-01 10:42:08,902 [j:\DEVELOP\VideoBookRepository\VideoBookApplication\VideoBookApplication\library\view\NewCategoryPanel.cs:93] : Category Write With Success
INFO  2015-02-01 10:42:08,918 [j:\DEVELOP\VideoBookRepository\VideoBookApplication\VideoBookApplication\common\utility\LogUtility.cs:38] : SELECT * FROM CATEGORIE c ORDER BY c.CATEGORIA
INFO  2015-02-01 10:42:08,918 [j:\DEVELOP\VideoBookRepository\VideoBookApplication\VideoBookApplication\common\utility\LogUtility.cs:38] : SELECT * FROM POSIZIONI ORDER BY POSIZIONE
INFO  2015-02-01 10:42:16,360 [j:\DEVELOP\VideoBookRepository\VideoBookApplication\VideoBookApplication\common\operations\HttpRequest.cs:34] : buildUrl = https://www.googleapis.com/books/v1/volumes?q=Crypto+inauthor:Brown&key=AIzaSyCpuZOgKmwxODZiuWEWWIhb9ToCOEm5_3Q&orderBy=relevance&maxResults=1&printType=books&langRestrict=it&
INFO  2015-02-01 10:42:17,298 [j:\DEVELOP\VideoBookRepository\VideoBookApplication\VideoBookApplication\library\operations\GoogleBooksWebService.cs:91] : Call SelfLink
INFO  2015-02-01 10:42:17,298 [j:\DEVELOP\VideoBookRepository\VideoBookApplication\VideoBookApplication\common\operations\HttpRequest.cs:34] : buildUrl = https://www.googleapis.com/books/v1/volumes/o7WYk7xQQxEC
INFO  2015-02-01 10:42:17,954 [j:\DEVELOP\VideoBookRepository\VideoBookApplication\VideoBookApplication\library\operations\GoogleBooksWebService.cs:195] : YEAR = 2010
INFO  2015-02-01 10:42:18,313 [j:\DEVELOP\VideoBookRepository\VideoBookApplication\VideoBookApplication\common\utility\LogUtility.cs:34] : SELECT * FROM CATEGORIE c WHERE c.ID_CATEGORIA=@idcat ---> [ 12 ]
INFO  2015-02-01 10:42:18,313 [j:\DEVELOP\VideoBookRepository\VideoBookApplication\VideoBookApplication\common\utility\LogUtility.cs:34] : SELECT * FROM POSIZIONI WHERE ID_POSIZIONE=@idpos ---> [ 7 ]
INFO  2015-02-01 10:42:18,376 [j:\DEVELOP\VideoBookRepository\VideoBookApplication\VideoBookApplication\library\view\InfoBookPanel.cs:52] : TITLE DISTANCE = 20
WARN  2015-02-01 10:42:21,546 [j:\DEVELOP\VideoBookRepository\VideoBookApplication\VideoBookApplication\common\view\DisplayManager.cs:32] : WARN: 1005 - Warning: I Titolo Sono Differenti. Controllare i Valori
ERROR 2015-02-01 10:42:26,633 [j:\DEVELOP\VideoBookRepository\VideoBookApplication\VideoBookApplication\library\view\InfoBookPanel.cs:165] : Impossibile trovare il file specificato
ERROR 2015-02-01 10:42:30,164 [j:\DEVELOP\VideoBookRepository\VideoBookApplication\VideoBookApplication\common\view\DisplayManager.cs:20] : Errore: 2 - Funzionalità non Implementata
INFO  2015-02-01 10:47:35,267 [j:\DEVELOP\VideoBookRepository\VideoBookApplication\VideoBookApplication\StartApp.cs:45] : VideoBook Project 1.0.0.0 - Start Application
INFO  2015-02-01 10:47:35,285 [j:\DEVELOP\VideoBookRepository\VideoBookApplication\VideoBookApplication\common\controls\DatabaseControl.cs:33] : server=192.168.0.20;uid=mauro;pwd=mauro;database=VideoBookApplication;
INFO  2015-02-01 10:47:39,156 [j:\DEVELOP\VideoBookRepository\VideoBookApplication\VideoBookApplication\common\utility\LogUtility.cs:34] : SELECT * FROM USERS u WHERE u.USERNAME = @user ---> [ mauro ]
INFO  2015-02-01 10:47:43,666 [j:\DEVELOP\VideoBookRepository\VideoBookApplication\VideoBookApplication\common\utility\LogUtility.cs:38] : select count(ID_LIBRO) as cnt from LIBRI
INFO  2015-02-01 10:47:43,666 [j:\DEVELOP\VideoBookRepository\VideoBookApplication\VideoBookApplication\common\utility\LogUtility.cs:34] : select count(ID_LIBRO) as cnt from LIBRI where FL_EBOOK = @flebook ---> [ True ]
INFO  2015-02-01 10:47:43,666 [j:\DEVELOP\VideoBookRepository\VideoBookApplication\VideoBookApplication\common\utility\LogUtility.cs:38] : select count(ID_AUTORE) as cnt from AUTORI
INFO  2015-02-01 10:47:43,666 [j:\DEVELOP\VideoBookRepository\VideoBookApplication\VideoBookApplication\common\utility\LogUtility.cs:38] : select max(ID_LIBRO) as id_libro from LIBRI
INFO  2015-02-01 10:47:43,666 [j:\DEVELOP\VideoBookRepository\VideoBookApplication\VideoBookApplication\common\utility\LogUtility.cs:34] : SELECT a.ID_LIBRO, a.TITOLO, a.SERIE, a.FL_EBOOK, a.DT_INSERT, IFNULL(b.ID_POSIZIONE, - 1) AS ID_POSIZIONE, b.POSIZIONE, IFNULL(c.ID_CATEGORIA, -1) as ID_CATEGORIA, c.CATEGORIA, IFNULL(d.ID_INFOLIBRO, - 1) AS ID_INFOLIBRO, d.EDITORE, d.IMG, d.ISBN, d.YEAR, IFNULL(d.TRAMA, " ") AS TRAMA, d.URL_SCHEDA, IFNULL(e.ID_NOTA, - 1) AS ID_NOTA, e.NOTA, f.ID_AUTORE, f.COGNOME, f.NOME FROM LIBRI a LEFT JOIN POSIZIONI b ON a.POSIZIONI_ID_POSIZIONE = b.ID_POSIZIONE LEFT JOIN CATEGORIE c ON a.CATEGORIE_ID_CATEGORIA = c.ID_CATEGORIA LEFT JOIN INFOLIBRI d ON a.INFOLIBRI_ID_INFOLIBRO = d.ID_INFOLIBRO LEFT JOIN NOTELIBRI e ON a.NOTELIBRI_ID_NOTA = e.ID_NOTA, AUTORI f WHERE a.ID_LIBRO = @idbook AND a.AUTORI_ID_AUTORE=f.ID_AUTORE ---> [ 4 ]
INFO  2015-02-01 10:47:43,681 [j:\DEVELOP\VideoBookRepository\VideoBookApplication\VideoBookApplication\common\utility\LogUtility.cs:38] : select * from ( select replace(a.CATEGORIA,"----------","N.D.") as CATEGORIA, count(*) as cnt from CATEGORIE a, LIBRI b where a.ID_CATEGORIA=b.CATEGORIE_ID_CATEGORIA group by a.CATEGORIA )d  order by d.cnt desc
INFO  2015-02-01 10:48:07,506 [j:\DEVELOP\VideoBookRepository\VideoBookApplication\VideoBookApplication\common\utility\Utility.cs:26] : Exit Application
INFO  2015-02-01 17:06:49,420 [j:\DEVELOP\VideoBookRepository\VideoBookApplication\VideoBookApplication\StartApp.cs:45] : VideoBook Project 1.0.0.0 - Start Application
INFO  2015-02-01 17:06:49,451 [j:\DEVELOP\VideoBookRepository\VideoBookApplication\VideoBookApplication\common\controls\DatabaseControl.cs:33] : server=192.168.0.20;uid=mauro;pwd=mauro;database=VideoBookApplication;
INFO  2015-02-01 17:06:52,811 [j:\DEVELOP\VideoBookRepository\VideoBookApplication\VideoBookApplication\common\utility\LogUtility.cs:34] : SELECT * FROM USERS u WHERE u.USERNAME = @user ---> [ mauro ]
ERROR 2015-02-01 17:07:04,822 [j:\DEVELOP\VideoBookRepository\VideoBookApplication\VideoBookApplication\common\view\DisplayManager.cs:20] : Errore: 2 - Funzionalità non Implementata
INFO  2015-02-01 17:07:12,572 [j:\DEVELOP\VideoBookRepository\VideoBookApplication\VideoBookApplication\common\utility\Utility.cs:26] : Exit Application
INFO  2015-02-01 20:20:06,630 [j:\DEVELOP\VideoBookRepository\VideoBookApplication\VideoBookApplication\StartApp.cs:45] : VideoBook Project 1.0.0.0 - Start Application
INFO  2015-02-01 20:20:06,677 [j:\DEVELOP\VideoBookRepository\VideoBookApplication\VideoBookApplication\common\controls\DatabaseControl.cs:33] : server=192.168.0.20;uid=mauro;pwd=mauro;database=VideoBookApplication;
INFO  2015-02-01 20:20:11,802 [j:\DEVELOP\VideoBookRepository\VideoBookApplication\VideoBookApplication\common\utility\LogUtility.cs:34] : SELECT * FROM USERS u WHERE u.USERNAME = @user ---> [ mauro ]
ERROR 2015-02-01 20:20:18,406 [j:\DEVELOP\VideoBookRepository\VideoBookApplication\VideoBookApplication\common\view\DisplayManager.cs:20] : Errore: 2 - Funzionalità non Implementata
INFO  2015-02-01 20:24:30,729 [j:\DEVELOP\VideoBookRepository\VideoBookApplication\VideoBookApplication\common\utility\Utility.cs:26] : Exit Application
INFO  2015-02-01 20:43:12,570 [j:\DEVELOP\VideoBookRepository\VideoBookApplication\VideoBookApplication\StartApp.cs:45] : VideoBook Project 1.0.0.0 - Start Application
INFO  2015-02-01 20:43:12,586 [j:\DEVELOP\VideoBookRepository\VideoBookApplication\VideoBookApplication\common\controls\DatabaseControl.cs:33] : server=192.168.0.20;uid=mauro;pwd=mauro;database=VideoBookApplication;
INFO  2015-02-01 20:43:16,289 [j:\DEVELOP\VideoBookRepository\VideoBookApplication\VideoBookApplication\common\utility\LogUtility.cs:34] : SELECT * FROM USERS u WHERE u.USERNAME = @user ---> [ mauro ]
INFO  2015-02-01 21:01:39,455 [j:\DEVELOP\VideoBookRepository\VideoBookApplication\VideoBookApplication\common\utility\Utility.cs:26] : Exit Application
